<?xml version="1.0" encoding="UTF-8"?>
<testng-results ignored="0" total="1" passed="1" failed="0" skipped="0">
  <reporter-output>
  </reporter-output>
  <suite started-at="2024-10-02T19:28:41 IST" name="Default suite" finished-at="2024-10-02T19:28:56 IST" duration-ms="15175">
    <groups>
    </groups>
    <test started-at="2024-10-02T19:28:41 IST" name="Default test" finished-at="2024-10-02T19:28:56 IST" duration-ms="15175">
      <class name="com.example.A">
        <test-method signature="m1()[pri:0, instance:com.example.A@c33b74f]" started-at="2024-10-02T19:28:41 IST" name="m1" finished-at="2024-10-02T19:28:56 IST" duration-ms="15088" status="PASS">
          <reporter-output>
          </reporter-output>
        </test-method> <!-- m1 -->
      </class> <!-- com.example.A -->
    </test> <!-- Default test -->
  </suite> <!-- Default suite -->
</testng-results>
